
1509008083.520838: Response time constraint cannot be met
Best case scenario (beta=0): E[T] = 0.13944121677587984

1509008338.59684: Response time constraint cannot be met
Constrain: E[T] <= 0.07855459544383346
Best case scenario (beta=0): E[T] = 0.1397526741932609

1509008469.549689: Response time constraint cannot be met
Constrain: E[T] <= 0.07855459544383346
Best case scenario (beta=0): E[T] = 0.1401989792435431

1509008733.973084: Response time constraint cannot be met
Constraint: E[T] <= 0.07855459544383346
Best case scenario (beta=0): E[T] = 0.14076698639378743

1509008784.773225: Response time constraint cannot be met
Constraint: E[T] <= 0.07855459544383346
Best case scenario (beta=0): E[T] = 0.13885942479799193

1509009230.795682: Response time constraint cannot be met
Constraint: E[T] <= 0.07855459544383346
Best case scenario (beta=0): E[T] = 0.09317972084070435

17/10/26 12:22:43	Beta value failed to converge in 50 iterations

17/10/26 13:18:51	Beta value failed to converge in 50 iterations

17/10/26 13:20:37	Beta value failed to converge in 50 iterations

17/10/26 13:28:54	Beta value failed to converge in 50 iterations

1509013921.527905: Response time constraint cannot be met
Constraint: E[T] <= 0.07855459544383346
Best case scenario (beta=0): E[T] = 0.09318432053182608

1509013973.049058: Response time constraint cannot be met
Constraint: E[T] <= 0.10288772862503659
Best case scenario (beta=0): E[T] = 0.2193973215057048

1509014029.225705: Response time constraint cannot be met
Constraint: E[T] <= 0.10288772862503659
Best case scenario (beta=0): E[T] = 0.14925765171184346

1509014683.742934: Response time constraint cannot be met
Constraint: E[T] <= 0.10964416202004182
Best case scenario (beta=0): E[T] = 0.12323539126163059

1509014781.260811: Response time constraint cannot be met
Constraint: E[T] <= 0.10964416202004182
Best case scenario (beta=0): E[T] = 0.12236795691665404
